<?xml version="1.0" encoding="UTF-8"?>
<!-- Generated by org.testng.reporters.JUnitReportReporter -->
<testsuite name="test.Test2" tests="2" time="0.001" ignored="0" failures="0" timestamp="22 Apr 2020 07:07:29 GMT" skipped="1" hostname="PRO-5CG9503101" errors="1">
  <testcase name="setup" time="0.000" classname="test.Test2">
    <error type="org.openqa.selenium.SessionNotCreatedException" message="session not created: This version of ChromeDriver only supports Chrome version 79
Build info: version: &#039;3.5.3&#039;, revision: &#039;a88d25fe6b&#039;, time: &#039;2017-08-29T12:42:44.417Z&#039;
System info: host: &#039;PRO-5CG9503101&#039;, ip: &#039;103.5.132.139&#039;, os.name: &#039;Windows 10&#039;, os.arch: &#039;amd64&#039;, os.version: &#039;10.0&#039;, java.version: &#039;1.8.0_201&#039;
Driver info: driver.version: ChromeDriver
remote stacktrace: Backtrace:
	Ordinal0 [0x00D2A113+1548563]
	Ordinal0 [0x00CADDA1+1039777]
	Ordinal0 [0x00C2E485+517253]
	Ordinal0 [0x00BBFD34+64820]
	Ordinal0 [0x00BBC61E+50718]
	Ordinal0 [0x00BDB797+178071]
	Ordinal0 [0x00BDB59D+177565]
	Ordinal0 [0x00BD95FB+169467]
	Ordinal0 [0x00BC160A+71178]
	Ordinal0 [0x00BC2690+75408]
	Ordinal0 [0x00BC2629+75305]
	Ordinal0 [0x00CC71B7+1143223]
	GetHandleVerifier [0x00DC2B46+507814]
	GetHandleVerifier [0x00DC2864+507076]
	GetHandleVerifier [0x00DC9F47+537511]
	GetHandleVerifier [0x00DC3402+510050]
	Ordinal0 [0x00CBF29C+1110684]
	Ordinal0 [0x00CC938B+1151883]
	Ordinal0 [0x00CC94F3+1152243]
	Ordinal0 [0x00CC83F5+1147893]
	BaseThreadInitThunk [0x76D76359+25]
	RtlGetAppContainerNamedObjectPath [0x77437C14+228]
	RtlGetAppContainerNamedObjectPath [0x77437BE4+180]
">
      <![CDATA[org.openqa.selenium.SessionNotCreatedException: session not created: This version of ChromeDriver only supports Chrome version 79
Build info: version: '3.5.3', revision: 'a88d25fe6b', time: '2017-08-29T12:42:44.417Z'
System info: host: 'PRO-5CG9503101', ip: '103.5.132.139', os.name: 'Windows 10', os.arch: 'amd64', os.version: '10.0', java.version: '1.8.0_201'
Driver info: driver.version: ChromeDriver
remote stacktrace: Backtrace:
	Ordinal0 [0x00D2A113+1548563]
	Ordinal0 [0x00CADDA1+1039777]
	Ordinal0 [0x00C2E485+517253]
	Ordinal0 [0x00BBFD34+64820]
	Ordinal0 [0x00BBC61E+50718]
	Ordinal0 [0x00BDB797+178071]
	Ordinal0 [0x00BDB59D+177565]
	Ordinal0 [0x00BD95FB+169467]
	Ordinal0 [0x00BC160A+71178]
	Ordinal0 [0x00BC2690+75408]
	Ordinal0 [0x00BC2629+75305]
	Ordinal0 [0x00CC71B7+1143223]
	GetHandleVerifier [0x00DC2B46+507814]
	GetHandleVerifier [0x00DC2864+507076]
	GetHandleVerifier [0x00DC9F47+537511]
	GetHandleVerifier [0x00DC3402+510050]
	Ordinal0 [0x00CBF29C+1110684]
	Ordinal0 [0x00CC938B+1151883]
	Ordinal0 [0x00CC94F3+1152243]
	Ordinal0 [0x00CC83F5+1147893]
	BaseThreadInitThunk [0x76D76359+25]
	RtlGetAppContainerNamedObjectPath [0x77437C14+228]
	RtlGetAppContainerNamedObjectPath [0x77437BE4+180]

	at sun.reflect.NativeConstructorAccessorImpl.newInstance0(Native Method)
	at sun.reflect.NativeConstructorAccessorImpl.newInstance(Unknown Source)
	at sun.reflect.DelegatingConstructorAccessorImpl.newInstance(Unknown Source)
	at java.lang.reflect.Constructor.newInstance(Unknown Source)
	at org.openqa.selenium.remote.W3CHandshakeResponse.lambda$new$0(W3CHandshakeResponse.java:57)
	at org.openqa.selenium.remote.W3CHandshakeResponse.lambda$getResponseFunction$2(W3CHandshakeResponse.java:104)
	at org.openqa.selenium.remote.ProtocolHandshake.lambda$createSession$24(ProtocolHandshake.java:359)
	at java.util.stream.ReferencePipeline$3$1.accept(Unknown Source)
	at java.util.Spliterators$ArraySpliterator.tryAdvance(Unknown Source)
	at java.util.stream.ReferencePipeline.forEachWithCancel(Unknown Source)
	at java.util.stream.AbstractPipeline.copyIntoWithCancel(Unknown Source)
	at java.util.stream.AbstractPipeline.copyInto(Unknown Source)
	at java.util.stream.AbstractPipeline.wrapAndCopyInto(Unknown Source)
	at java.util.stream.FindOps$FindOp.evaluateSequential(Unknown Source)
	at java.util.stream.AbstractPipeline.evaluate(Unknown Source)
	at java.util.stream.ReferencePipeline.findFirst(Unknown Source)
	at org.openqa.selenium.remote.ProtocolHandshake.createSession(ProtocolHandshake.java:362)
	at org.openqa.selenium.remote.ProtocolHandshake.createSession(ProtocolHandshake.java:136)
	at org.openqa.selenium.remote.HttpCommandExecutor.execute(HttpCommandExecutor.java:142)
	at org.openqa.selenium.remote.service.DriverCommandExecutor.execute(DriverCommandExecutor.java:82)
	at org.openqa.selenium.remote.RemoteWebDriver.execute(RemoteWebDriver.java:646)
	at org.openqa.selenium.remote.RemoteWebDriver.startSession(RemoteWebDriver.java:255)
	at org.openqa.selenium.remote.RemoteWebDriver.startSession(RemoteWebDriver.java:237)
	at org.openqa.selenium.remote.RemoteWebDriver.<init>(RemoteWebDriver.java:138)
	at org.openqa.selenium.chrome.ChromeDriver.<init>(ChromeDriver.java:178)
	at org.openqa.selenium.chrome.ChromeDriver.<init>(ChromeDriver.java:167)
	at org.openqa.selenium.chrome.ChromeDriver.<init>(ChromeDriver.java:124)
	at test.Test2.setup(Test2.java:64)
	at sun.reflect.NativeMethodAccessorImpl.invoke0(Native Method)
	at sun.reflect.NativeMethodAccessorImpl.invoke(Unknown Source)
	at sun.reflect.DelegatingMethodAccessorImpl.invoke(Unknown Source)
	at java.lang.reflect.Method.invoke(Unknown Source)
	at org.testng.internal.MethodInvocationHelper.invokeMethod(MethodInvocationHelper.java:104)
	at org.testng.internal.Invoker.invokeConfigurationMethod(Invoker.java:515)
	at org.testng.internal.Invoker.invokeConfigurations(Invoker.java:217)
	at org.testng.internal.Invoker.invokeConfigurations(Invoker.java:144)
	at org.testng.TestRunner.beforeRun(TestRunner.java:634)
	at org.testng.TestRunner.run(TestRunner.java:602)
	at org.testng.SuiteRunner.runTest(SuiteRunner.java:387)
	at org.testng.SuiteRunner.runSequentially(SuiteRunner.java:382)
	at org.testng.SuiteRunner.privateRun(SuiteRunner.java:340)
	at org.testng.SuiteRunner.run(SuiteRunner.java:289)
	at org.testng.SuiteRunnerWorker.runSuite(SuiteRunnerWorker.java:52)
	at org.testng.SuiteRunnerWorker.run(SuiteRunnerWorker.java:86)
	at org.testng.TestNG.runSuitesSequentially(TestNG.java:1293)
	at org.testng.TestNG.runSuitesLocally(TestNG.java:1218)
	at org.testng.TestNG.runSuites(TestNG.java:1133)
	at org.testng.TestNG.run(TestNG.java:1104)
	at org.testng.remote.AbstractRemoteTestNG.run(AbstractRemoteTestNG.java:114)
	at org.testng.remote.RemoteTestNG.initAndRun(RemoteTestNG.java:251)
	at org.testng.remote.RemoteTestNG.main(RemoteTestNG.java:77)
]]>
    </error>
  </testcase> <!-- setup -->
  <testcase name="UpdatingData" time="0.001" classname="test.Test2">
    <skipped/>
  </testcase> <!-- UpdatingData -->
</testsuite> <!-- test.Test2 -->
